2007-04-06 16:40:04,767 - Log4JLogChute initialized using file 'velocity.log'
2007-04-06 16:40:04,769 - Starting Apache Velocity v1.5 (compiled: 2007-02-22 08:52:29)
2007-04-06 16:40:04,769 - Default Properties File: org/apache/velocity/runtime/defaults/velocity.properties
2007-04-06 16:40:04,769 - Trying to use logger class org.apache.velocity.runtime.log.AvalonLogChute
2007-04-06 16:40:04,778 - Couldn't find class org.apache.velocity.runtime.log.AvalonLogChute or necessary supporting classes in classpath.
java.lang.NoClassDefFoundError: org/apache/log/format/Formatter
	at java.lang.Class.forName0(Native Method)
	at java.lang.Class.forName(Class.java:219)
	at org.apache.velocity.util.ClassUtils.getClass(ClassUtils.java:63)
	at org.apache.velocity.util.ClassUtils.getNewInstance(ClassUtils.java:95)
	at org.apache.velocity.runtime.log.LogManager.createLogChute(LogManager.java:147)
	at org.apache.velocity.runtime.log.LogManager.updateLog(LogManager.java:208)
	at org.apache.velocity.runtime.RuntimeInstance.initializeLog(RuntimeInstance.java:728)
	at org.apache.velocity.runtime.RuntimeInstance.init(RuntimeInstance.java:240)
	at org.apache.velocity.runtime.RuntimeSingleton.init(RuntimeSingleton.java:113)
	at org.apache.velocity.app.Velocity.init(Velocity.java:83)
	at com.liferay.portal.velocity.VelocityUtil.evaluate(VelocityUtil.java:39)
	at com.liferay.portal.tools.util.DBUtil.evaluateVM(DBUtil.java:343)
	at com.liferay.portal.tools.util.DBUtil.buildTemplate(DBUtil.java:296)
	at com.liferay.portal.tools.util.DBUtil.buildSQLFile(DBUtil.java:191)
	at com.liferay.portal.tools.DBBuilder._buildSQLFile(DBBuilder.java:94)
	at com.liferay.portal.tools.DBBuilder.<init>(DBBuilder.java:53)
	at com.liferay.portal.tools.DBBuilder.main(DBBuilder.java:42)
2007-04-06 16:40:04,782 - Trying to use logger class org.apache.velocity.runtime.log.Log4JLogChute
2007-04-06 16:40:04,782 - Using logger class org.apache.velocity.runtime.log.Log4JLogChute
2007-04-06 16:40:04,791 - Default ResourceManager initializing. (class org.apache.velocity.runtime.resource.ResourceManagerImpl)
2007-04-06 16:40:04,805 - ResourceLoader instantiated: org.apache.velocity.runtime.resource.loader.FileResourceLoader
2007-04-06 16:40:04,811 - Do unicode file recognition:  false
2007-04-06 16:40:04,812 - FileResourceLoader : adding path '.'
2007-04-06 16:40:04,873 - ResourceCache: initialized (class org.apache.velocity.runtime.resource.ResourceCacheImpl)
2007-04-06 16:40:04,879 - Loaded System Directive: org.apache.velocity.runtime.directive.Literal
2007-04-06 16:40:04,888 - Loaded System Directive: org.apache.velocity.runtime.directive.Macro
2007-04-06 16:40:04,894 - Loaded System Directive: org.apache.velocity.runtime.directive.Parse
2007-04-06 16:40:04,901 - Loaded System Directive: org.apache.velocity.runtime.directive.Include
2007-04-06 16:40:04,905 - Loaded System Directive: org.apache.velocity.runtime.directive.Foreach
2007-04-06 16:40:05,030 - Created '20' parsers.
2007-04-06 16:40:05,078 - Velocimacro : "velocimacro.library" is not set.  Trying default library: VM_global_library.vm
2007-04-06 16:40:05,079 - Velocimacro : Default library not found.
2007-04-06 16:40:05,079 - Velocimacro : allowInline = true : VMs can be defined inline in templates
2007-04-06 16:40:05,079 - Velocimacro : allowInlineToOverride = false : VMs defined inline may NOT replace previous VM definitions
2007-04-06 16:40:05,079 - Velocimacro : allowInlineLocal = false : VMs defined inline will be global in scope if allowed.
2007-04-06 16:40:05,079 - Velocimacro : autoload off : VM system will not automatically reload global library macros
2007-04-06 16:43:17,384 - Log4JLogChute initialized using file 'velocity.log'
2007-04-06 16:43:17,387 - Starting Apache Velocity v1.5 (compiled: 2007-02-22 08:52:29)
2007-04-06 16:43:17,387 - Default Properties File: org/apache/velocity/runtime/defaults/velocity.properties
2007-04-06 16:43:17,387 - Trying to use logger class org.apache.velocity.runtime.log.AvalonLogChute
2007-04-06 16:43:17,396 - Couldn't find class org.apache.velocity.runtime.log.AvalonLogChute or necessary supporting classes in classpath.
java.lang.NoClassDefFoundError: org/apache/log/format/Formatter
	at java.lang.Class.forName0(Native Method)
	at java.lang.Class.forName(Class.java:219)
	at org.apache.velocity.util.ClassUtils.getClass(ClassUtils.java:63)
	at org.apache.velocity.util.ClassUtils.getNewInstance(ClassUtils.java:95)
	at org.apache.velocity.runtime.log.LogManager.createLogChute(LogManager.java:147)
	at org.apache.velocity.runtime.log.LogManager.updateLog(LogManager.java:208)
	at org.apache.velocity.runtime.RuntimeInstance.initializeLog(RuntimeInstance.java:728)
	at org.apache.velocity.runtime.RuntimeInstance.init(RuntimeInstance.java:240)
	at org.apache.velocity.runtime.RuntimeSingleton.init(RuntimeSingleton.java:113)
	at org.apache.velocity.app.Velocity.init(Velocity.java:83)
	at com.liferay.portal.velocity.VelocityUtil.evaluate(VelocityUtil.java:39)
	at com.liferay.portal.tools.util.DBUtil.evaluateVM(DBUtil.java:343)
	at com.liferay.portal.tools.util.DBUtil.buildTemplate(DBUtil.java:296)
	at com.liferay.portal.tools.util.DBUtil.buildSQLFile(DBUtil.java:191)
	at com.liferay.portal.tools.DBBuilder._buildSQLFile(DBBuilder.java:94)
	at com.liferay.portal.tools.DBBuilder.<init>(DBBuilder.java:53)
	at com.liferay.portal.tools.DBBuilder.main(DBBuilder.java:42)
2007-04-06 16:43:17,400 - Trying to use logger class org.apache.velocity.runtime.log.Log4JLogChute
2007-04-06 16:43:17,400 - Using logger class org.apache.velocity.runtime.log.Log4JLogChute
2007-04-06 16:43:17,408 - Default ResourceManager initializing. (class org.apache.velocity.runtime.resource.ResourceManagerImpl)
2007-04-06 16:43:17,423 - ResourceLoader instantiated: org.apache.velocity.runtime.resource.loader.FileResourceLoader
2007-04-06 16:43:17,428 - Do unicode file recognition:  false
2007-04-06 16:43:17,429 - FileResourceLoader : adding path '.'
2007-04-06 16:43:17,480 - ResourceCache: initialized (class org.apache.velocity.runtime.resource.ResourceCacheImpl)
2007-04-06 16:43:17,485 - Loaded System Directive: org.apache.velocity.runtime.directive.Literal
2007-04-06 16:43:17,495 - Loaded System Directive: org.apache.velocity.runtime.directive.Macro
2007-04-06 16:43:17,501 - Loaded System Directive: org.apache.velocity.runtime.directive.Parse
2007-04-06 16:43:17,507 - Loaded System Directive: org.apache.velocity.runtime.directive.Include
2007-04-06 16:43:17,511 - Loaded System Directive: org.apache.velocity.runtime.directive.Foreach
2007-04-06 16:43:17,627 - Created '20' parsers.
2007-04-06 16:43:17,674 - Velocimacro : "velocimacro.library" is not set.  Trying default library: VM_global_library.vm
2007-04-06 16:43:17,675 - Velocimacro : Default library not found.
2007-04-06 16:43:17,675 - Velocimacro : allowInline = true : VMs can be defined inline in templates
2007-04-06 16:43:17,676 - Velocimacro : allowInlineToOverride = false : VMs defined inline may NOT replace previous VM definitions
2007-04-06 16:43:17,676 - Velocimacro : allowInlineLocal = false : VMs defined inline will be global in scope if allowed.
2007-04-06 16:43:17,676 - Velocimacro : autoload off : VM system will not automatically reload global library macros
